<?xml version="1.0" encoding="UTF-8"?>
<testsuite xmlns:xsi="http://www.w3.org/2001/XMLSchema-instance" xsi:noNamespaceSchemaLocation="https://maven.apache.org/surefire/maven-surefire-plugin/xsd/surefire-test-report.xsd" version="3.0.2" name="TestSuite" time="1.46" tests="3" errors="0" skipped="0" failures="3">
  <properties>
[...]
</properties>
  <testcase name="runScenario[&quot;Validate successfull submission -  unique data&quot;, &quot;Optional[Webdriver University Web page - Contact Us page]&quot;](2)" classname="runners.MainRunner" time="0.271">
    <failure message="Cannot find firefox binary in PATH. Make sure firefox is installed. OS appears to be: MAC&#10;Build info: version: &apos;4.0.0&apos;, revision: &apos;3a21814679&apos;&#10;System info: host: &apos;Artis-MBP&apos;, ip: &apos;fdd2:ac48:382a:b447:1821:5c95:bc6:e55%en0&apos;, os.name: &apos;Mac OS X&apos;, os.arch: &apos;x86_64&apos;, os.version: &apos;11.5.2&apos;, java.version: &apos;17.0.12&apos;&#10;Driver info: driver.version: FirefoxDriver" type="org.openqa.selenium.WebDriverException"><![CDATA[org.openqa.selenium.WebDriverException: 
Cannot find firefox binary in PATH. Make sure firefox is installed. OS appears to be: MAC
Build info: version: '4.0.0', revision: '3a21814679'
System info: host: 'Artis-MBP', ip: 'fdd2:ac48:382a:b447:1821:5c95:bc6:e55%en0', os.name: 'Mac OS X', os.arch: 'x86_64', os.version: '11.5.2', java.version: '17.0.12'
Driver info: driver.version: FirefoxDriver
	at org.openqa.selenium.firefox.FirefoxBinary.<init>(FirefoxBinary.java:95)
	at java.base/java.util.Optional.orElseGet(Optional.java:364)
	at org.openqa.selenium.firefox.FirefoxOptions.getBinary(FirefoxOptions.java:189)
	at org.openqa.selenium.firefox.GeckoDriverService$Builder.withOptions(GeckoDriverService.java:179)
	at org.openqa.selenium.firefox.FirefoxDriver.toExecutor(FirefoxDriver.java:232)
	at org.openqa.selenium.firefox.FirefoxDriver.<init>(FirefoxDriver.java:186)
	at driver.Driverfactory.createDriver(Driverfactory.java:43)
	at driver.Driverfactory.getDriver(Driverfactory.java:22)
	at stepDefinitions.base.Hooks.setup(Hooks.java:19)
]]></failure>
    <system-out><![CDATA[
@contact-us @regression @smoke
Scenario: Validate successfull submission -  unique data                   # features/ContactUs.feature:9

@login @regression @smoke
Scenario Outline: Validate successfull and unsuccessfull login     # features/Login.feature:17
      org.openqa.selenium.WebDriverException: Cannot find firefox binary in PATH. Make sure firefox is installed. OS appears to be: MAC
Build info: version: '4.0.0', revision: '3a21814679'
System info: host: 'Artis-MBP', ip: 'fdd2:ac48:382a:b447:1821:5c95:bc6:e55%en0', os.name: 'Mac OS X', os.arch: 'x86_64', os.version: '11.5.2', java.version: '17.0.12'
Driver info: driver.version: FirefoxDriver
	at org.openqa.selenium.firefox.FirefoxBinary.<init>(FirefoxBinary.java:95)
	at java.base/java.util.Optional.orElseGet(Optional.java:364)
	at org.openqa.selenium.firefox.FirefoxOptions.getBinary(FirefoxOptions.java:189)
	at org.openqa.selenium.firefox.GeckoDriverService$Builder.withOptions(GeckoDriverService.java:179)
	at org.openqa.selenium.firefox.FirefoxDriver.toExecutor(FirefoxDriver.java:232)
	at org.openqa.selenium.firefox.FirefoxDriver.<init>(FirefoxDriver.java:186)
	at driver.Driverfactory.createDriver(Driverfactory.java:43)
	at driver.Driverfactory.getDriver(Driverfactory.java:22)
	at stepDefinitions.base.Hooks.setup(Hooks.java:19)

      org.openqa.selenium.WebDriverException: Cannot find firefox binary in PATH. Make sure firefox is installed. OS appears to be: MAC
Build info: version: '4.0.0', revision: '3a21814679'
System info: host: 'Artis-MBP', ip: 'fdd2:ac48:382a:b447:1821:5c95:bc6:e55%en0', os.name: 'Mac OS X', os.arch: 'x86_64', os.version: '11.5.2', java.version: '17.0.12'
Driver info: driver.version: FirefoxDriver
	at org.openqa.selenium.firefox.FirefoxBinary.<init>(FirefoxBinary.java:95)
	at java.base/java.util.Optional.orElseGet(Optional.java:364)
	at org.openqa.selenium.firefox.FirefoxOptions.getBinary(FirefoxOptions.java:189)
	at org.openqa.selenium.firefox.GeckoDriverService$Builder.withOptions(GeckoDriverService.java:179)
	at org.openqa.selenium.firefox.FirefoxDriver.toExecutor(FirefoxDriver.java:232)
	at org.openqa.selenium.firefox.FirefoxDriver.<init>(FirefoxDriver.java:186)
	at driver.Driverfactory.createDriver(Driverfactory.java:43)
	at driver.Driverfactory.getDriver(Driverfactory.java:22)
	at stepDefinitions.base.Hooks.setup(Hooks.java:19)

  Given I access the webdriver university Login page               # stepDefinitions.LoginSteps.i_access_the_webdriver_university_login_page()
  Given I access the webdriver university contact us page                  # stepDefinitions.ContactUsSteps.i_access_the_webdriver_university_contact_us_page()
  When I enter a unique first name                                         # stepDefinitions.ContactUsSteps.i_enter_a_unique_first_name()
  When I enter username webdriver                                  # stepDefinitions.LoginSteps.i_enter_username(java.lang.String)
  And I enter a unique last name                                           # stepDefinitions.ContactUsSteps.i_enter_a_unique_last_name()
  And I enter password webdriver123                                # stepDefinitions.LoginSteps.i_enter_password(java.lang.String)
  And I click on Login button                                      # stepDefinitions.LoginSteps.i_click_on_login_button()
  And I enter a unique email address                                       # stepDefinitions.ContactUsSteps.i_enter_a_unique_email_address()
  Then I should be present with validation succeeded Login message # stepDefinitions.LoginSteps.i_should_be_present_with_login_message(java.lang.String)
      java.lang.NullPointerException: Cannot invoke "org.openqa.selenium.WebDriver.quit()" because the return value of "java.lang.ThreadLocal.get()" is null
	at driver.Driverfactory.cleanupDriver(Driverfactory.java:72)
	at stepDefinitions.base.Hooks.teatdown(Hooks.java:36)

  And I enter a unique comment                                             # stepDefinitions.ContactUsSteps.i_enter_a_unique_comment()
  And I click on submit button                                             # stepDefinitions.ContactUsSteps.i_click_on_submit_button()
  Then I should be present with successfully contact us submission message # stepDefinitions.ContactUsSteps.i_should_be_present_with_successfully_contact_us_submission_message()
      java.lang.NullPointerException: Cannot invoke "org.openqa.selenium.WebDriver.quit()" because the return value of "java.lang.ThreadLocal.get()" is null
	at driver.Driverfactory.cleanupDriver(Driverfactory.java:72)
	at stepDefinitions.base.Hooks.teatdown(Hooks.java:36)

]]></system-out>
  </testcase>
  <testcase name="runScenario[&quot;Validate successfull and unsuccessfull login&quot;, &quot;Optional[Webdriver University Web page - Login page]&quot;](2)" classname="runners.MainRunner" time="0.272">
    <failure message="Cannot find firefox binary in PATH. Make sure firefox is installed. OS appears to be: MAC&#10;Build info: version: &apos;4.0.0&apos;, revision: &apos;3a21814679&apos;&#10;System info: host: &apos;Artis-MBP&apos;, ip: &apos;fdd2:ac48:382a:b447:1821:5c95:bc6:e55%en0&apos;, os.name: &apos;Mac OS X&apos;, os.arch: &apos;x86_64&apos;, os.version: &apos;11.5.2&apos;, java.version: &apos;17.0.12&apos;&#10;Driver info: driver.version: FirefoxDriver" type="org.openqa.selenium.WebDriverException"><![CDATA[org.openqa.selenium.WebDriverException: 
Cannot find firefox binary in PATH. Make sure firefox is installed. OS appears to be: MAC
Build info: version: '4.0.0', revision: '3a21814679'
System info: host: 'Artis-MBP', ip: 'fdd2:ac48:382a:b447:1821:5c95:bc6:e55%en0', os.name: 'Mac OS X', os.arch: 'x86_64', os.version: '11.5.2', java.version: '17.0.12'
Driver info: driver.version: FirefoxDriver
	at org.openqa.selenium.firefox.FirefoxBinary.<init>(FirefoxBinary.java:95)
	at java.base/java.util.Optional.orElseGet(Optional.java:364)
	at org.openqa.selenium.firefox.FirefoxOptions.getBinary(FirefoxOptions.java:189)
	at org.openqa.selenium.firefox.GeckoDriverService$Builder.withOptions(GeckoDriverService.java:179)
	at org.openqa.selenium.firefox.FirefoxDriver.toExecutor(FirefoxDriver.java:232)
	at org.openqa.selenium.firefox.FirefoxDriver.<init>(FirefoxDriver.java:186)
	at driver.Driverfactory.createDriver(Driverfactory.java:43)
	at driver.Driverfactory.getDriver(Driverfactory.java:22)
	at stepDefinitions.base.Hooks.setup(Hooks.java:19)
]]></failure>
  </testcase>
  <testcase name="runScenario[&quot;Validate successfull and unsuccessfull login&quot;, &quot;Optional[Webdriver University Web page - Login page]&quot;](3)" classname="runners.MainRunner" time="0.029">
    <failure message="Cannot find firefox binary in PATH. Make sure firefox is installed. OS appears to be: MAC&#10;Build info: version: &apos;4.0.0&apos;, revision: &apos;3a21814679&apos;&#10;System info: host: &apos;Artis-MBP&apos;, ip: &apos;fdd2:ac48:382a:b447:1821:5c95:bc6:e55%en0&apos;, os.name: &apos;Mac OS X&apos;, os.arch: &apos;x86_64&apos;, os.version: &apos;11.5.2&apos;, java.version: &apos;17.0.12&apos;&#10;Driver info: driver.version: FirefoxDriver" type="org.openqa.selenium.WebDriverException"><![CDATA[org.openqa.selenium.WebDriverException: 
Cannot find firefox binary in PATH. Make sure firefox is installed. OS appears to be: MAC
Build info: version: '4.0.0', revision: '3a21814679'
System info: host: 'Artis-MBP', ip: 'fdd2:ac48:382a:b447:1821:5c95:bc6:e55%en0', os.name: 'Mac OS X', os.arch: 'x86_64', os.version: '11.5.2', java.version: '17.0.12'
Driver info: driver.version: FirefoxDriver
	at org.openqa.selenium.firefox.FirefoxBinary.<init>(FirefoxBinary.java:95)
	at java.base/java.util.Optional.orElseGet(Optional.java:364)
	at org.openqa.selenium.firefox.FirefoxOptions.getBinary(FirefoxOptions.java:189)
	at org.openqa.selenium.firefox.GeckoDriverService$Builder.withOptions(GeckoDriverService.java:179)
	at org.openqa.selenium.firefox.FirefoxDriver.toExecutor(FirefoxDriver.java:232)
	at org.openqa.selenium.firefox.FirefoxDriver.<init>(FirefoxDriver.java:186)
	at driver.Driverfactory.createDriver(Driverfactory.java:43)
	at driver.Driverfactory.getDriver(Driverfactory.java:22)
	at stepDefinitions.base.Hooks.setup(Hooks.java:19)
]]></failure>
    <system-out><![CDATA[
@login @regression @smoke
Scenario Outline: Validate successfull and unsuccessfull login  # features/Login.feature:18
      org.openqa.selenium.WebDriverException: Cannot find firefox binary in PATH. Make sure firefox is installed. OS appears to be: MAC
Build info: version: '4.0.0', revision: '3a21814679'
System info: host: 'Artis-MBP', ip: 'fdd2:ac48:382a:b447:1821:5c95:bc6:e55%en0', os.name: 'Mac OS X', os.arch: 'x86_64', os.version: '11.5.2', java.version: '17.0.12'
Driver info: driver.version: FirefoxDriver
	at org.openqa.selenium.firefox.FirefoxBinary.<init>(FirefoxBinary.java:95)
	at java.base/java.util.Optional.orElseGet(Optional.java:364)
	at org.openqa.selenium.firefox.FirefoxOptions.getBinary(FirefoxOptions.java:189)
	at org.openqa.selenium.firefox.GeckoDriverService$Builder.withOptions(GeckoDriverService.java:179)
	at org.openqa.selenium.firefox.FirefoxDriver.toExecutor(FirefoxDriver.java:232)
	at org.openqa.selenium.firefox.FirefoxDriver.<init>(FirefoxDriver.java:186)
	at driver.Driverfactory.createDriver(Driverfactory.java:43)
	at driver.Driverfactory.getDriver(Driverfactory.java:22)
	at stepDefinitions.base.Hooks.setup(Hooks.java:19)

  Given I access the webdriver university Login page            # stepDefinitions.LoginSteps.i_access_the_webdriver_university_login_page()
  When I enter username webdriverwer                            # stepDefinitions.LoginSteps.i_enter_username(java.lang.String)
  And I enter password webdriver234                             # stepDefinitions.LoginSteps.i_enter_password(java.lang.String)
  And I click on Login button                                   # stepDefinitions.LoginSteps.i_click_on_login_button()
  Then I should be present with validation failed Login message # stepDefinitions.LoginSteps.i_should_be_present_with_login_message(java.lang.String)
      java.lang.NullPointerException: Cannot invoke "org.openqa.selenium.WebDriver.quit()" because the return value of "java.lang.ThreadLocal.get()" is null
	at driver.Driverfactory.cleanupDriver(Driverfactory.java:72)
	at stepDefinitions.base.Hooks.teatdown(Hooks.java:36)

]]></system-out>
  </testcase>
</testsuite>